ERROR - 2024-04-15 20:55:45 --> mysqli_sql_exception: Unknown column 'id' in 'where clause' in C:\xampp\htdocs\github\Home-run-application\system\Database\MySQLi\Connection.php:295
Stack trace:
#0 C:\xampp\htdocs\github\Home-run-application\system\Database\MySQLi\Connection.php(295): mysqli->query('SELECT *\nFROM `...', 0)
#1 C:\xampp\htdocs\github\Home-run-application\system\Database\BaseConnection.php(691): CodeIgniter\Database\MySQLi\Connection->execute('SELECT *\nFROM `...')
#2 C:\xampp\htdocs\github\Home-run-application\system\Database\BaseConnection.php(605): CodeIgniter\Database\BaseConnection->simpleQuery('SELECT *\nFROM `...')
#3 C:\xampp\htdocs\github\Home-run-application\system\Database\BaseBuilder.php(1616): CodeIgniter\Database\BaseConnection->query('SELECT *\nFROM `...', Array, false)
#4 C:\xampp\htdocs\github\Home-run-application\system\Model.php(268): CodeIgniter\Database\BaseBuilder->get()
#5 C:\xampp\htdocs\github\Home-run-application\system\BaseModel.php(656): CodeIgniter\Model->doFirst()
#6 C:\xampp\htdocs\github\Home-run-application\app\Controllers\Api\Users.php(27): CodeIgniter\BaseModel->first()
#7 C:\xampp\htdocs\github\Home-run-application\system\CodeIgniter.php(934): App\Controllers\Api\Users->getUserProfile()
#8 C:\xampp\htdocs\github\Home-run-application\system\CodeIgniter.php(499): CodeIgniter\CodeIgniter->runController(Object(App\Controllers\Api\Users))
#9 C:\xampp\htdocs\github\Home-run-application\system\CodeIgniter.php(368): CodeIgniter\CodeIgniter->handleRequest(NULL, Object(Config\Cache), false)
#10 C:\xampp\htdocs\github\Home-run-application\index.php(67): CodeIgniter\CodeIgniter->run()
#11 {main}
CRITICAL - 2024-04-15 20:55:45 --> Unknown column 'id' in 'where clause'
in SYSTEMPATH\Database\MySQLi\Connection.php on line 295.
 1 SYSTEMPATH\Database\MySQLi\Connection.php(295): mysqli->query('SELECT *
FROM `users_table`
WHERE `id` IS NULL
AND `users_table`.`user_deleted_at` IS NULL
 LIMIT 1', 0)
 2 SYSTEMPATH\Database\BaseConnection.php(691): CodeIgniter\Database\MySQLi\Connection->execute('SELECT *
FROM `users_table`
WHERE `id` IS NULL
AND `users_table`.`user_deleted_at` IS NULL
 LIMIT 1')
 3 SYSTEMPATH\Database\BaseConnection.php(605): CodeIgniter\Database\BaseConnection->simpleQuery('SELECT *
FROM `users_table`
WHERE `id` IS NULL
AND `users_table`.`user_deleted_at` IS NULL
 LIMIT 1')
 4 SYSTEMPATH\Database\BaseBuilder.php(1616): CodeIgniter\Database\BaseConnection->query('SELECT *
FROM `users_table`
WHERE `id` IS NULL
AND `users_table`.`user_deleted_at` IS NULL
 LIMIT 1', [], false)
 5 SYSTEMPATH\Model.php(268): CodeIgniter\Database\BaseBuilder->get()
 6 SYSTEMPATH\BaseModel.php(656): CodeIgniter\Model->doFirst()
 7 APPPATH\Controllers\Api\Users.php(27): CodeIgniter\BaseModel->first()
 8 SYSTEMPATH\CodeIgniter.php(934): App\Controllers\Api\Users->getUserProfile()
 9 SYSTEMPATH\CodeIgniter.php(499): CodeIgniter\CodeIgniter->runController(Object(App\Controllers\Api\Users))
10 SYSTEMPATH\CodeIgniter.php(368): CodeIgniter\CodeIgniter->handleRequest(null, Object(Config\Cache), false)
11 FCPATH\index.php(67): CodeIgniter\CodeIgniter->run()
