CRITICAL - 2024-01-03 07:50:19 --> Invalid file: "dashboard/pages/list-page.php"
in SYSTEMPATH\Exceptions\FrameworkException.php on line 33.
 1 SYSTEMPATH\View\View.php(201): CodeIgniter\Exceptions\FrameworkException::forInvalidFile('dashboard/pages/list-page.php')
 2 SYSTEMPATH\Common.php(1184): CodeIgniter\View\View->render('dashboard/pages/list-page', [], true)
 3 APPPATH\Controllers\Dashboard\Users.php(21): view('dashboard/pages/list-page')
 4 SYSTEMPATH\CodeIgniter.php(934): App\Controllers\Dashboard\Users->list()
 5 SYSTEMPATH\CodeIgniter.php(499): CodeIgniter\CodeIgniter->runController(Object(App\Controllers\Dashboard\Users))
 6 SYSTEMPATH\CodeIgniter.php(368): CodeIgniter\CodeIgniter->handleRequest(null, Object(Config\Cache), false)
 7 FCPATH\index.php(67): CodeIgniter\CodeIgniter->run()
CRITICAL - 2024-01-03 08:00:29 --> Invalid file: "dashboard/pages/users/list/trash-page.php"
in SYSTEMPATH\Exceptions\FrameworkException.php on line 33.
 1 SYSTEMPATH\View\View.php(201): CodeIgniter\Exceptions\FrameworkException::forInvalidFile('dashboard/pages/users/list/trash-page.php')
 2 SYSTEMPATH\Common.php(1184): CodeIgniter\View\View->render('dashboard/pages/users/list/trash-page', [], true)
 3 APPPATH\Controllers\Dashboard\Users.php(26): view('dashboard/pages/users/list/trash-page')
 4 SYSTEMPATH\CodeIgniter.php(934): App\Controllers\Dashboard\Users->trash()
 5 SYSTEMPATH\CodeIgniter.php(499): CodeIgniter\CodeIgniter->runController(Object(App\Controllers\Dashboard\Users))
 6 SYSTEMPATH\CodeIgniter.php(368): CodeIgniter\CodeIgniter->handleRequest(null, Object(Config\Cache), false)
 7 FCPATH\index.php(67): CodeIgniter\CodeIgniter->run()
CRITICAL - 2024-01-03 08:03:12 --> Invalid file: "dashboard/pages/users/home-page.php"
in SYSTEMPATH\Exceptions\FrameworkException.php on line 33.
 1 SYSTEMPATH\View\View.php(201): CodeIgniter\Exceptions\FrameworkException::forInvalidFile('dashboard/pages/users/home-page.php')
 2 SYSTEMPATH\Common.php(1184): CodeIgniter\View\View->render('dashboard/pages/users/home-page', [], true)
 3 APPPATH\Controllers\Dashboard\Users.php(16): view('dashboard/pages/users/home-page')
 4 SYSTEMPATH\CodeIgniter.php(934): App\Controllers\Dashboard\Users->create()
 5 SYSTEMPATH\CodeIgniter.php(499): CodeIgniter\CodeIgniter->runController(Object(App\Controllers\Dashboard\Users))
 6 SYSTEMPATH\CodeIgniter.php(368): CodeIgniter\CodeIgniter->handleRequest(null, Object(Config\Cache), false)
 7 FCPATH\index.php(67): CodeIgniter\CodeIgniter->run()
INFO - 2024-01-03 08:38:41 --> Session: Class initialized using 'CodeIgniter\Session\Handlers\FileHandler' driver.
CRITICAL - 2024-01-03 08:39:14 --> Invalid file: "dashboard/pages/users/show-page.php"
in SYSTEMPATH\Exceptions\FrameworkException.php on line 33.
 1 SYSTEMPATH\View\View.php(201): CodeIgniter\Exceptions\FrameworkException::forInvalidFile('dashboard/pages/users/show-page.php')
 2 SYSTEMPATH\Common.php(1184): CodeIgniter\View\View->render('dashboard/pages/users/show-page', [], true)
 3 APPPATH\Controllers\Dashboard\Users.php(25): view('dashboard/pages/users/show-page')
 4 SYSTEMPATH\CodeIgniter.php(934): App\Controllers\Dashboard\Users->show('id')
 5 SYSTEMPATH\CodeIgniter.php(499): CodeIgniter\CodeIgniter->runController(Object(App\Controllers\Dashboard\Users))
 6 SYSTEMPATH\CodeIgniter.php(368): CodeIgniter\CodeIgniter->handleRequest(null, Object(Config\Cache), false)
 7 FCPATH\index.php(67): CodeIgniter\CodeIgniter->run()
CRITICAL - 2024-01-03 08:48:59 --> Invalid file: "dashboard/pages/orders/list-page.php"
in SYSTEMPATH\Exceptions\FrameworkException.php on line 33.
 1 SYSTEMPATH\View\View.php(201): CodeIgniter\Exceptions\FrameworkException::forInvalidFile('dashboard/pages/orders/list-page.php')
 2 SYSTEMPATH\Common.php(1184): CodeIgniter\View\View->render('dashboard/pages/orders/list-page', [], true)
 3 APPPATH\Controllers\Dashboard\Orders.php(51): view('dashboard/pages/orders/list-page')
 4 SYSTEMPATH\CodeIgniter.php(934): App\Controllers\Dashboard\Orders->list()
 5 SYSTEMPATH\CodeIgniter.php(499): CodeIgniter\CodeIgniter->runController(Object(App\Controllers\Dashboard\Orders))
 6 SYSTEMPATH\CodeIgniter.php(368): CodeIgniter\CodeIgniter->handleRequest(null, Object(Config\Cache), false)
 7 FCPATH\index.php(67): CodeIgniter\CodeIgniter->run()
CRITICAL - 2024-01-03 13:54:53 --> Invalid file: "dashboard/pages/technicians/list-page.php"
in SYSTEMPATH\Exceptions\FrameworkException.php on line 33.
 1 SYSTEMPATH\View\View.php(201): CodeIgniter\Exceptions\FrameworkException::forInvalidFile('dashboard/pages/technicians/list-page.php')
 2 SYSTEMPATH\Common.php(1184): CodeIgniter\View\View->render('dashboard/pages/technicians/list-page', [], true)
 3 APPPATH\Controllers\Dashboard\Technicians.php(51): view('dashboard/pages/technicians/list-page')
 4 SYSTEMPATH\CodeIgniter.php(934): App\Controllers\Dashboard\Technicians->list()
 5 SYSTEMPATH\CodeIgniter.php(499): CodeIgniter\CodeIgniter->runController(Object(App\Controllers\Dashboard\Technicians))
 6 SYSTEMPATH\CodeIgniter.php(368): CodeIgniter\CodeIgniter->handleRequest(null, Object(Config\Cache), false)
 7 FCPATH\index.php(67): CodeIgniter\CodeIgniter->run()
CRITICAL - 2024-01-03 16:09:43 --> Invalid file: "dashboard/pages/settings/roomtypes/create-page.php"
in SYSTEMPATH\Exceptions\FrameworkException.php on line 33.
 1 SYSTEMPATH\View\View.php(201): CodeIgniter\Exceptions\FrameworkException::forInvalidFile('dashboard/pages/settings/roomtypes/create-page.php')
 2 SYSTEMPATH\Common.php(1184): CodeIgniter\View\View->render('dashboard/pages/settings/roomtypes/create-page', [], true)
 3 APPPATH\Controllers\Dashboard\Settings\Roomtypes.php(16): view('dashboard/pages/settings/roomtypes/create-page')
 4 SYSTEMPATH\CodeIgniter.php(934): App\Controllers\Dashboard\Settings\Roomtypes->create()
 5 SYSTEMPATH\CodeIgniter.php(499): CodeIgniter\CodeIgniter->runController(Object(App\Controllers\Dashboard\Settings\Roomtypes))
 6 SYSTEMPATH\CodeIgniter.php(368): CodeIgniter\CodeIgniter->handleRequest(null, Object(Config\Cache), false)
 7 FCPATH\index.php(67): CodeIgniter\CodeIgniter->run()
CRITICAL - 2024-01-03 16:20:40 --> Invalid file: "dashboard/pages/settings/services/list-page.php"
in SYSTEMPATH\Exceptions\FrameworkException.php on line 33.
 1 SYSTEMPATH\View\View.php(201): CodeIgniter\Exceptions\FrameworkException::forInvalidFile('dashboard/pages/settings/services/list-page.php')
 2 SYSTEMPATH\Common.php(1184): CodeIgniter\View\View->render('dashboard/pages/settings/services/list-page', [], true)
 3 APPPATH\Controllers\Dashboard\Settings\Services.php(51): view('dashboard/pages/settings/services/list-page')
 4 SYSTEMPATH\CodeIgniter.php(934): App\Controllers\Dashboard\Settings\Services->list()
 5 SYSTEMPATH\CodeIgniter.php(499): CodeIgniter\CodeIgniter->runController(Object(App\Controllers\Dashboard\Settings\Services))
 6 SYSTEMPATH\CodeIgniter.php(368): CodeIgniter\CodeIgniter->handleRequest(null, Object(Config\Cache), false)
 7 FCPATH\index.php(67): CodeIgniter\CodeIgniter->run()
CRITICAL - 2024-01-03 16:32:48 --> Invalid file: "dashboard/pages/settings/designsprices/create-page.php"
in SYSTEMPATH\Exceptions\FrameworkException.php on line 33.
 1 SYSTEMPATH\View\View.php(201): CodeIgniter\Exceptions\FrameworkException::forInvalidFile('dashboard/pages/settings/designsprices/create-page.php')
 2 SYSTEMPATH\Common.php(1184): CodeIgniter\View\View->render('dashboard/pages/settings/designsprices/create-page', [], true)
 3 APPPATH\Controllers\Dashboard\Settings\Designsprices.php(16): view('dashboard/pages/settings/designsprices/create-page')
 4 SYSTEMPATH\CodeIgniter.php(934): App\Controllers\Dashboard\Settings\Designsprices->create()
 5 SYSTEMPATH\CodeIgniter.php(499): CodeIgniter\CodeIgniter->runController(Object(App\Controllers\Dashboard\Settings\Designsprices))
 6 SYSTEMPATH\CodeIgniter.php(368): CodeIgniter\CodeIgniter->handleRequest(null, Object(Config\Cache), false)
 7 FCPATH\index.php(67): CodeIgniter\CodeIgniter->run()
CRITICAL - 2024-01-03 18:45:07 --> Invalid file: "dashboard/pages/contracts/list-page.php"
in SYSTEMPATH\Exceptions\FrameworkException.php on line 33.
 1 SYSTEMPATH\View\View.php(201): CodeIgniter\Exceptions\FrameworkException::forInvalidFile('dashboard/pages/contracts/list-page.php')
 2 SYSTEMPATH\Common.php(1184): CodeIgniter\View\View->render('dashboard/pages/contracts/list-page', [], true)
 3 APPPATH\Controllers\Dashboard\Contracts.php(51): view('dashboard/pages/contracts/list-page')
 4 SYSTEMPATH\CodeIgniter.php(934): App\Controllers\Dashboard\Contracts->list()
 5 SYSTEMPATH\CodeIgniter.php(499): CodeIgniter\CodeIgniter->runController(Object(App\Controllers\Dashboard\Contracts))
 6 SYSTEMPATH\CodeIgniter.php(368): CodeIgniter\CodeIgniter->handleRequest(null, Object(Config\Cache), false)
 7 FCPATH\index.php(67): CodeIgniter\CodeIgniter->run()
CRITICAL - 2024-01-03 18:57:48 --> Undefined variable $session
in APPPATH\Views\dashboard\pages\settings\roomtypes\create-page.php on line 28.
 1 APPPATH\Views\dashboard\pages\settings\roomtypes\create-page.php(28): CodeIgniter\Debug\Exceptions->errorHandler(2, 'Undefined variable $session', 'C:\\xampp\\htdocs\\github\\Home-run-application\\app\\Views\\dashboard\\pages\\settings\\roomtypes\\create-page.php', 28)
 2 SYSTEMPATH\View\View.php(213): include('C:\\xampp\\htdocs\\github\\Home-run-application\\app\\Views\\dashboard\\pages\\settings\\roomtypes\\create-page.php')
 3 SYSTEMPATH\View\View.php(216): CodeIgniter\View\View->CodeIgniter\View\{closure}()
 4 SYSTEMPATH\Common.php(1184): CodeIgniter\View\View->render('dashboard/pages/settings/roomtypes/create-page', [], true)
 5 APPPATH\Controllers\Dashboard\Settings\Roomtypes.php(25): view('dashboard/pages/settings/roomtypes/create-page')
 6 SYSTEMPATH\CodeIgniter.php(934): App\Controllers\Dashboard\Settings\Roomtypes->create()
 7 SYSTEMPATH\CodeIgniter.php(499): CodeIgniter\CodeIgniter->runController(Object(App\Controllers\Dashboard\Settings\Roomtypes))
 8 SYSTEMPATH\CodeIgniter.php(368): CodeIgniter\CodeIgniter->handleRequest(null, Object(Config\Cache), false)
 9 FCPATH\index.php(67): CodeIgniter\CodeIgniter->run()
INFO - 2024-01-03 18:58:12 --> Session: Class initialized using 'CodeIgniter\Session\Handlers\FileHandler' driver.
INFO - 2024-01-03 18:58:44 --> Session: Class initialized using 'CodeIgniter\Session\Handlers\FileHandler' driver.
INFO - 2024-01-03 19:00:31 --> Session: Class initialized using 'CodeIgniter\Session\Handlers\FileHandler' driver.
INFO - 2024-01-03 19:00:53 --> Session: Class initialized using 'CodeIgniter\Session\Handlers\FileHandler' driver.
INFO - 2024-01-03 19:00:56 --> Session: Class initialized using 'CodeIgniter\Session\Handlers\FileHandler' driver.
INFO - 2024-01-03 19:01:10 --> Session: Class initialized using 'CodeIgniter\Session\Handlers\FileHandler' driver.
INFO - 2024-01-03 19:01:13 --> Session: Class initialized using 'CodeIgniter\Session\Handlers\FileHandler' driver.
INFO - 2024-01-03 19:01:25 --> Session: Class initialized using 'CodeIgniter\Session\Handlers\FileHandler' driver.
INFO - 2024-01-03 19:01:42 --> Session: Class initialized using 'CodeIgniter\Session\Handlers\FileHandler' driver.
CRITICAL - 2024-01-03 19:04:36 --> Undefined array key ""
in APPPATH\Views\dashboard\pages\settings\roomtypes\list-page.php on line 48.
 1 APPPATH\Views\dashboard\pages\settings\roomtypes\list-page.php(48): CodeIgniter\Debug\Exceptions->errorHandler(2, 'Undefined array key ""', 'C:\\xampp\\htdocs\\github\\Home-run-application\\app\\Views\\dashboard\\pages\\settings\\roomtypes\\list-page.php', 48)
 2 SYSTEMPATH\View\View.php(213): include('C:\\xampp\\htdocs\\github\\Home-run-application\\app\\Views\\dashboard\\pages\\settings\\roomtypes\\list-page.php')
 3 SYSTEMPATH\View\View.php(216): CodeIgniter\View\View->CodeIgniter\View\{closure}()
 4 SYSTEMPATH\Common.php(1184): CodeIgniter\View\View->render('dashboard/pages/settings/roomtypes/list-page', [], true)
 5 APPPATH\Controllers\Dashboard\Settings\Roomtypes.php(62): view('dashboard/pages/settings/roomtypes/list-page', [...])
 6 SYSTEMPATH\CodeIgniter.php(934): App\Controllers\Dashboard\Settings\Roomtypes->list()
 7 SYSTEMPATH\CodeIgniter.php(499): CodeIgniter\CodeIgniter->runController(Object(App\Controllers\Dashboard\Settings\Roomtypes))
 8 SYSTEMPATH\CodeIgniter.php(368): CodeIgniter\CodeIgniter->handleRequest(null, Object(Config\Cache), false)
 9 FCPATH\index.php(67): CodeIgniter\CodeIgniter->run()
INFO - 2024-01-03 19:08:38 --> Session: Class initialized using 'CodeIgniter\Session\Handlers\FileHandler' driver.
INFO - 2024-01-03 19:08:42 --> Session: Class initialized using 'CodeIgniter\Session\Handlers\FileHandler' driver.
INFO - 2024-01-03 19:08:48 --> Session: Class initialized using 'CodeIgniter\Session\Handlers\FileHandler' driver.
INFO - 2024-01-03 19:08:51 --> Session: Class initialized using 'CodeIgniter\Session\Handlers\FileHandler' driver.
INFO - 2024-01-03 19:13:58 --> Session: Class initialized using 'CodeIgniter\Session\Handlers\FileHandler' driver.
INFO - 2024-01-03 19:13:59 --> Session: Class initialized using 'CodeIgniter\Session\Handlers\FileHandler' driver.
INFO - 2024-01-03 19:13:59 --> Session: Class initialized using 'CodeIgniter\Session\Handlers\FileHandler' driver.
INFO - 2024-01-03 19:14:03 --> Session: Class initialized using 'CodeIgniter\Session\Handlers\FileHandler' driver.
INFO - 2024-01-03 19:14:03 --> Session: Class initialized using 'CodeIgniter\Session\Handlers\FileHandler' driver.
CRITICAL - 2024-01-03 19:15:21 --> Undefined variable $records
in APPPATH\Views\dashboard\pages\settings\roomtypes\list-trash-page.php on line 46.
 1 APPPATH\Views\dashboard\pages\settings\roomtypes\list-trash-page.php(46): CodeIgniter\Debug\Exceptions->errorHandler(2, 'Undefined variable $records', 'C:\\xampp\\htdocs\\github\\Home-run-application\\app\\Views\\dashboard\\pages\\settings\\roomtypes\\list-trash-page.php', 46)
 2 SYSTEMPATH\View\View.php(213): include('C:\\xampp\\htdocs\\github\\Home-run-application\\app\\Views\\dashboard\\pages\\settings\\roomtypes\\list-trash-page.php')
 3 SYSTEMPATH\View\View.php(216): CodeIgniter\View\View->CodeIgniter\View\{closure}()
 4 SYSTEMPATH\Common.php(1184): CodeIgniter\View\View->render('dashboard/pages/settings/roomtypes/list-trash-page', [], true)
 5 APPPATH\Controllers\Dashboard\Settings\Roomtypes.php(83): view('dashboard/pages/settings/roomtypes/list-trash-page')
 6 SYSTEMPATH\CodeIgniter.php(934): App\Controllers\Dashboard\Settings\Roomtypes->trash()
 7 SYSTEMPATH\CodeIgniter.php(499): CodeIgniter\CodeIgniter->runController(Object(App\Controllers\Dashboard\Settings\Roomtypes))
 8 SYSTEMPATH\CodeIgniter.php(368): CodeIgniter\CodeIgniter->handleRequest(null, Object(Config\Cache), false)
 9 FCPATH\index.php(67): CodeIgniter\CodeIgniter->run()
ERROR - 2024-01-03 19:15:48 --> mysqli_sql_exception: Unknown column 'rooms_types_table.deleted_at' in 'where clause' in C:\xampp\htdocs\github\Home-run-application\system\Database\MySQLi\Connection.php:295
Stack trace:
#0 C:\xampp\htdocs\github\Home-run-application\system\Database\MySQLi\Connection.php(295): mysqli->query('SELECT *\nFROM `...', 0)
#1 C:\xampp\htdocs\github\Home-run-application\system\Database\BaseConnection.php(691): CodeIgniter\Database\MySQLi\Connection->execute('SELECT *\nFROM `...')
#2 C:\xampp\htdocs\github\Home-run-application\system\Database\BaseConnection.php(605): CodeIgniter\Database\BaseConnection->simpleQuery('SELECT *\nFROM `...')
#3 C:\xampp\htdocs\github\Home-run-application\system\Database\BaseBuilder.php(1616): CodeIgniter\Database\BaseConnection->query('SELECT *\nFROM `...', Array, false)
#4 C:\xampp\htdocs\github\Home-run-application\system\Model.php(241): CodeIgniter\Database\BaseBuilder->get()
#5 C:\xampp\htdocs\github\Home-run-application\system\BaseModel.php(618): CodeIgniter\Model->doFindAll(0, 0)
#6 C:\xampp\htdocs\github\Home-run-application\app\Controllers\Dashboard\Settings\Roomtypes.php(84): CodeIgniter\BaseModel->findAll()
#7 C:\xampp\htdocs\github\Home-run-application\system\CodeIgniter.php(934): App\Controllers\Dashboard\Settings\Roomtypes->trash()
#8 C:\xampp\htdocs\github\Home-run-application\system\CodeIgniter.php(499): CodeIgniter\CodeIgniter->runController(Object(App\Controllers\Dashboard\Settings\Roomtypes))
#9 C:\xampp\htdocs\github\Home-run-application\system\CodeIgniter.php(368): CodeIgniter\CodeIgniter->handleRequest(NULL, Object(Config\Cache), false)
#10 C:\xampp\htdocs\github\Home-run-application\index.php(67): CodeIgniter\CodeIgniter->run()
#11 {main}
CRITICAL - 2024-01-03 19:15:48 --> Unknown column 'rooms_types_table.deleted_at' in 'where clause'
in SYSTEMPATH\Database\MySQLi\Connection.php on line 295.
 1 SYSTEMPATH\Database\MySQLi\Connection.php(295): mysqli->query('SELECT *
FROM `rooms_types_table`
WHERE `rooms_types_table`.`deleted_at` IS NOT NULL', 0)
 2 SYSTEMPATH\Database\BaseConnection.php(691): CodeIgniter\Database\MySQLi\Connection->execute('SELECT *
FROM `rooms_types_table`
WHERE `rooms_types_table`.`deleted_at` IS NOT NULL')
 3 SYSTEMPATH\Database\BaseConnection.php(605): CodeIgniter\Database\BaseConnection->simpleQuery('SELECT *
FROM `rooms_types_table`
WHERE `rooms_types_table`.`deleted_at` IS NOT NULL')
 4 SYSTEMPATH\Database\BaseBuilder.php(1616): CodeIgniter\Database\BaseConnection->query('SELECT *
FROM `rooms_types_table`
WHERE `rooms_types_table`.`deleted_at` IS NOT NULL', [], false)
 5 SYSTEMPATH\Model.php(241): CodeIgniter\Database\BaseBuilder->get()
 6 SYSTEMPATH\BaseModel.php(618): CodeIgniter\Model->doFindAll(0, 0)
 7 APPPATH\Controllers\Dashboard\Settings\Roomtypes.php(84): CodeIgniter\BaseModel->findAll()
 8 SYSTEMPATH\CodeIgniter.php(934): App\Controllers\Dashboard\Settings\Roomtypes->trash()
 9 SYSTEMPATH\CodeIgniter.php(499): CodeIgniter\CodeIgniter->runController(Object(App\Controllers\Dashboard\Settings\Roomtypes))
10 SYSTEMPATH\CodeIgniter.php(368): CodeIgniter\CodeIgniter->handleRequest(null, Object(Config\Cache), false)
11 FCPATH\index.php(67): CodeIgniter\CodeIgniter->run()
INFO - 2024-01-03 19:16:13 --> Session: Class initialized using 'CodeIgniter\Session\Handlers\FileHandler' driver.
INFO - 2024-01-03 19:17:01 --> Session: Class initialized using 'CodeIgniter\Session\Handlers\FileHandler' driver.
INFO - 2024-01-03 19:17:03 --> Session: Class initialized using 'CodeIgniter\Session\Handlers\FileHandler' driver.
INFO - 2024-01-03 19:17:06 --> Session: Class initialized using 'CodeIgniter\Session\Handlers\FileHandler' driver.
INFO - 2024-01-03 19:18:39 --> Session: Class initialized using 'CodeIgniter\Session\Handlers\FileHandler' driver.
INFO - 2024-01-03 19:19:18 --> Session: Class initialized using 'CodeIgniter\Session\Handlers\FileHandler' driver.
INFO - 2024-01-03 19:19:23 --> Session: Class initialized using 'CodeIgniter\Session\Handlers\FileHandler' driver.
INFO - 2024-01-03 19:19:26 --> Session: Class initialized using 'CodeIgniter\Session\Handlers\FileHandler' driver.
INFO - 2024-01-03 19:19:29 --> Session: Class initialized using 'CodeIgniter\Session\Handlers\FileHandler' driver.
INFO - 2024-01-03 19:19:30 --> Session: Class initialized using 'CodeIgniter\Session\Handlers\FileHandler' driver.
INFO - 2024-01-03 19:21:41 --> Session: Class initialized using 'CodeIgniter\Session\Handlers\FileHandler' driver.
INFO - 2024-01-03 19:21:45 --> Session: Class initialized using 'CodeIgniter\Session\Handlers\FileHandler' driver.
INFO - 2024-01-03 19:21:45 --> Session: Class initialized using 'CodeIgniter\Session\Handlers\FileHandler' driver.
INFO - 2024-01-03 19:21:47 --> Session: Class initialized using 'CodeIgniter\Session\Handlers\FileHandler' driver.
INFO - 2024-01-03 19:21:50 --> Session: Class initialized using 'CodeIgniter\Session\Handlers\FileHandler' driver.
INFO - 2024-01-03 19:22:26 --> Session: Class initialized using 'CodeIgniter\Session\Handlers\FileHandler' driver.
INFO - 2024-01-03 19:22:33 --> Session: Class initialized using 'CodeIgniter\Session\Handlers\FileHandler' driver.
INFO - 2024-01-03 19:25:52 --> Session: Class initialized using 'CodeIgniter\Session\Handlers\FileHandler' driver.
INFO - 2024-01-03 19:26:27 --> Session: Class initialized using 'CodeIgniter\Session\Handlers\FileHandler' driver.
INFO - 2024-01-03 19:26:40 --> Session: Class initialized using 'CodeIgniter\Session\Handlers\FileHandler' driver.
INFO - 2024-01-03 19:27:34 --> Session: Class initialized using 'CodeIgniter\Session\Handlers\FileHandler' driver.
INFO - 2024-01-03 19:27:41 --> Session: Class initialized using 'CodeIgniter\Session\Handlers\FileHandler' driver.
INFO - 2024-01-03 19:28:35 --> Session: Class initialized using 'CodeIgniter\Session\Handlers\FileHandler' driver.
INFO - 2024-01-03 19:28:45 --> Session: Class initialized using 'CodeIgniter\Session\Handlers\FileHandler' driver.
INFO - 2024-01-03 19:29:44 --> Session: Class initialized using 'CodeIgniter\Session\Handlers\FileHandler' driver.
INFO - 2024-01-03 19:29:47 --> Session: Class initialized using 'CodeIgniter\Session\Handlers\FileHandler' driver.
INFO - 2024-01-03 19:30:10 --> Session: Class initialized using 'CodeIgniter\Session\Handlers\FileHandler' driver.
INFO - 2024-01-03 19:30:12 --> Session: Class initialized using 'CodeIgniter\Session\Handlers\FileHandler' driver.
CRITICAL - 2024-01-03 19:32:30 --> Undefined variable $records
in APPPATH\Views\dashboard\pages\settings\services\list-page.php on line 45.
 1 APPPATH\Views\dashboard\pages\settings\services\list-page.php(45): CodeIgniter\Debug\Exceptions->errorHandler(2, 'Undefined variable $records', 'C:\\xampp\\htdocs\\github\\Home-run-application\\app\\Views\\dashboard\\pages\\settings\\services\\list-page.php', 45)
 2 SYSTEMPATH\View\View.php(213): include('C:\\xampp\\htdocs\\github\\Home-run-application\\app\\Views\\dashboard\\pages\\settings\\services\\list-page.php')
 3 SYSTEMPATH\View\View.php(216): CodeIgniter\View\View->CodeIgniter\View\{closure}()
 4 SYSTEMPATH\Common.php(1184): CodeIgniter\View\View->render('dashboard/pages/settings/services/list-page', [], true)
 5 APPPATH\Controllers\Dashboard\Settings\Services.php(61): view('dashboard/pages/settings/services/list-page')
 6 SYSTEMPATH\CodeIgniter.php(934): App\Controllers\Dashboard\Settings\Services->list()
 7 SYSTEMPATH\CodeIgniter.php(499): CodeIgniter\CodeIgniter->runController(Object(App\Controllers\Dashboard\Settings\Services))
 8 SYSTEMPATH\CodeIgniter.php(368): CodeIgniter\CodeIgniter->handleRequest(null, Object(Config\Cache), false)
 9 FCPATH\index.php(67): CodeIgniter\CodeIgniter->run()
ERROR - 2024-01-03 19:33:14 --> mysqli_sql_exception: Unknown column 'services_table.deleted_at' in 'where clause' in C:\xampp\htdocs\github\Home-run-application\system\Database\MySQLi\Connection.php:295
Stack trace:
#0 C:\xampp\htdocs\github\Home-run-application\system\Database\MySQLi\Connection.php(295): mysqli->query('SELECT *\nFROM `...', 0)
#1 C:\xampp\htdocs\github\Home-run-application\system\Database\BaseConnection.php(691): CodeIgniter\Database\MySQLi\Connection->execute('SELECT *\nFROM `...')
#2 C:\xampp\htdocs\github\Home-run-application\system\Database\BaseConnection.php(605): CodeIgniter\Database\BaseConnection->simpleQuery('SELECT *\nFROM `...')
#3 C:\xampp\htdocs\github\Home-run-application\system\Database\BaseBuilder.php(1616): CodeIgniter\Database\BaseConnection->query('SELECT *\nFROM `...', Array, false)
#4 C:\xampp\htdocs\github\Home-run-application\system\Model.php(241): CodeIgniter\Database\BaseBuilder->get()
#5 C:\xampp\htdocs\github\Home-run-application\system\BaseModel.php(618): CodeIgniter\Model->doFindAll(0, 0)
#6 C:\xampp\htdocs\github\Home-run-application\app\Controllers\Dashboard\Settings\Services.php(62): CodeIgniter\BaseModel->findAll()
#7 C:\xampp\htdocs\github\Home-run-application\system\CodeIgniter.php(934): App\Controllers\Dashboard\Settings\Services->list()
#8 C:\xampp\htdocs\github\Home-run-application\system\CodeIgniter.php(499): CodeIgniter\CodeIgniter->runController(Object(App\Controllers\Dashboard\Settings\Services))
#9 C:\xampp\htdocs\github\Home-run-application\system\CodeIgniter.php(368): CodeIgniter\CodeIgniter->handleRequest(NULL, Object(Config\Cache), false)
#10 C:\xampp\htdocs\github\Home-run-application\index.php(67): CodeIgniter\CodeIgniter->run()
#11 {main}
CRITICAL - 2024-01-03 19:33:14 --> Unknown column 'services_table.deleted_at' in 'where clause'
in SYSTEMPATH\Database\MySQLi\Connection.php on line 295.
 1 SYSTEMPATH\Database\MySQLi\Connection.php(295): mysqli->query('SELECT *
FROM `services_table`
WHERE `services_table`.`deleted_at` IS NULL', 0)
 2 SYSTEMPATH\Database\BaseConnection.php(691): CodeIgniter\Database\MySQLi\Connection->execute('SELECT *
FROM `services_table`
WHERE `services_table`.`deleted_at` IS NULL')
 3 SYSTEMPATH\Database\BaseConnection.php(605): CodeIgniter\Database\BaseConnection->simpleQuery('SELECT *
FROM `services_table`
WHERE `services_table`.`deleted_at` IS NULL')
 4 SYSTEMPATH\Database\BaseBuilder.php(1616): CodeIgniter\Database\BaseConnection->query('SELECT *
FROM `services_table`
WHERE `services_table`.`deleted_at` IS NULL', [], false)
 5 SYSTEMPATH\Model.php(241): CodeIgniter\Database\BaseBuilder->get()
 6 SYSTEMPATH\BaseModel.php(618): CodeIgniter\Model->doFindAll(0, 0)
 7 APPPATH\Controllers\Dashboard\Settings\Services.php(62): CodeIgniter\BaseModel->findAll()
 8 SYSTEMPATH\CodeIgniter.php(934): App\Controllers\Dashboard\Settings\Services->list()
 9 SYSTEMPATH\CodeIgniter.php(499): CodeIgniter\CodeIgniter->runController(Object(App\Controllers\Dashboard\Settings\Services))
10 SYSTEMPATH\CodeIgniter.php(368): CodeIgniter\CodeIgniter->handleRequest(null, Object(Config\Cache), false)
11 FCPATH\index.php(67): CodeIgniter\CodeIgniter->run()
INFO - 2024-01-03 19:34:07 --> Session: Class initialized using 'CodeIgniter\Session\Handlers\FileHandler' driver.
INFO - 2024-01-03 19:34:20 --> Session: Class initialized using 'CodeIgniter\Session\Handlers\FileHandler' driver.
CRITICAL - 2024-01-03 19:37:23 --> Undefined variable $record
in APPPATH\Views\dashboard\pages\settings\services\show-page.php on line 39.
 1 APPPATH\Views\dashboard\pages\settings\services\show-page.php(39): CodeIgniter\Debug\Exceptions->errorHandler(2, 'Undefined variable $record', 'C:\\xampp\\htdocs\\github\\Home-run-application\\app\\Views\\dashboard\\pages\\settings\\services\\show-page.php', 39)
 2 SYSTEMPATH\View\View.php(213): include('C:\\xampp\\htdocs\\github\\Home-run-application\\app\\Views\\dashboard\\pages\\settings\\services\\show-page.php')
 3 SYSTEMPATH\View\View.php(216): CodeIgniter\View\View->CodeIgniter\View\{closure}()
 4 SYSTEMPATH\Common.php(1184): CodeIgniter\View\View->render('dashboard/pages/settings/services/show-page', [], true)
 5 APPPATH\Controllers\Dashboard\Settings\Services.php(35): view('dashboard/pages/settings/services/show-page')
 6 SYSTEMPATH\CodeIgniter.php(934): App\Controllers\Dashboard\Settings\Services->show('2')
 7 SYSTEMPATH\CodeIgniter.php(499): CodeIgniter\CodeIgniter->runController(Object(App\Controllers\Dashboard\Settings\Services))
 8 SYSTEMPATH\CodeIgniter.php(368): CodeIgniter\CodeIgniter->handleRequest(null, Object(Config\Cache), false)
 9 FCPATH\index.php(67): CodeIgniter\CodeIgniter->run()
CRITICAL - 2024-01-03 19:37:45 --> Undefined variable $record
in APPPATH\Views\dashboard\pages\settings\services\show-page.php on line 39.
 1 APPPATH\Views\dashboard\pages\settings\services\show-page.php(39): CodeIgniter\Debug\Exceptions->errorHandler(2, 'Undefined variable $record', 'C:\\xampp\\htdocs\\github\\Home-run-application\\app\\Views\\dashboard\\pages\\settings\\services\\show-page.php', 39)
 2 SYSTEMPATH\View\View.php(213): include('C:\\xampp\\htdocs\\github\\Home-run-application\\app\\Views\\dashboard\\pages\\settings\\services\\show-page.php')
 3 SYSTEMPATH\View\View.php(216): CodeIgniter\View\View->CodeIgniter\View\{closure}()
 4 SYSTEMPATH\Common.php(1184): CodeIgniter\View\View->render('dashboard/pages/settings/services/show-page', [], true)
 5 APPPATH\Controllers\Dashboard\Settings\Services.php(37): view('dashboard/pages/settings/services/show-page')
 6 SYSTEMPATH\CodeIgniter.php(934): App\Controllers\Dashboard\Settings\Services->show('2')
 7 SYSTEMPATH\CodeIgniter.php(499): CodeIgniter\CodeIgniter->runController(Object(App\Controllers\Dashboard\Settings\Services))
 8 SYSTEMPATH\CodeIgniter.php(368): CodeIgniter\CodeIgniter->handleRequest(null, Object(Config\Cache), false)
 9 FCPATH\index.php(67): CodeIgniter\CodeIgniter->run()
INFO - 2024-01-03 19:38:45 --> Session: Class initialized using 'CodeIgniter\Session\Handlers\FileHandler' driver.
INFO - 2024-01-03 19:38:49 --> Session: Class initialized using 'CodeIgniter\Session\Handlers\FileHandler' driver.
INFO - 2024-01-03 19:39:03 --> Session: Class initialized using 'CodeIgniter\Session\Handlers\FileHandler' driver.
INFO - 2024-01-03 19:39:07 --> Session: Class initialized using 'CodeIgniter\Session\Handlers\FileHandler' driver.
INFO - 2024-01-03 19:40:08 --> Session: Class initialized using 'CodeIgniter\Session\Handlers\FileHandler' driver.
INFO - 2024-01-03 19:40:09 --> Session: Class initialized using 'CodeIgniter\Session\Handlers\FileHandler' driver.
INFO - 2024-01-03 19:40:10 --> Session: Class initialized using 'CodeIgniter\Session\Handlers\FileHandler' driver.
INFO - 2024-01-03 19:48:32 --> Session: Class initialized using 'CodeIgniter\Session\Handlers\FileHandler' driver.
INFO - 2024-01-03 19:49:01 --> Session: Class initialized using 'CodeIgniter\Session\Handlers\FileHandler' driver.
INFO - 2024-01-03 19:49:56 --> Session: Class initialized using 'CodeIgniter\Session\Handlers\FileHandler' driver.
INFO - 2024-01-03 19:54:20 --> Session: Class initialized using 'CodeIgniter\Session\Handlers\FileHandler' driver.
INFO - 2024-01-03 19:58:23 --> Session: Class initialized using 'CodeIgniter\Session\Handlers\FileHandler' driver.
INFO - 2024-01-03 19:58:33 --> Session: Class initialized using 'CodeIgniter\Session\Handlers\FileHandler' driver.
INFO - 2024-01-03 19:58:36 --> Session: Class initialized using 'CodeIgniter\Session\Handlers\FileHandler' driver.
INFO - 2024-01-03 19:59:43 --> Session: Class initialized using 'CodeIgniter\Session\Handlers\FileHandler' driver.
INFO - 2024-01-03 19:59:43 --> Session: Class initialized using 'CodeIgniter\Session\Handlers\FileHandler' driver.
INFO - 2024-01-03 20:01:14 --> Session: Class initialized using 'CodeIgniter\Session\Handlers\FileHandler' driver.
INFO - 2024-01-03 20:02:12 --> Session: Class initialized using 'CodeIgniter\Session\Handlers\FileHandler' driver.
INFO - 2024-01-03 20:03:39 --> Session: Class initialized using 'CodeIgniter\Session\Handlers\FileHandler' driver.
INFO - 2024-01-03 20:03:55 --> Session: Class initialized using 'CodeIgniter\Session\Handlers\FileHandler' driver.
INFO - 2024-01-03 20:06:08 --> Session: Class initialized using 'CodeIgniter\Session\Handlers\FileHandler' driver.
INFO - 2024-01-03 20:06:30 --> Session: Class initialized using 'CodeIgniter\Session\Handlers\FileHandler' driver.
INFO - 2024-01-03 20:06:54 --> Session: Class initialized using 'CodeIgniter\Session\Handlers\FileHandler' driver.
INFO - 2024-01-03 20:06:59 --> Session: Class initialized using 'CodeIgniter\Session\Handlers\FileHandler' driver.
INFO - 2024-01-03 20:07:04 --> Session: Class initialized using 'CodeIgniter\Session\Handlers\FileHandler' driver.
INFO - 2024-01-03 20:07:04 --> Session: Class initialized using 'CodeIgniter\Session\Handlers\FileHandler' driver.
INFO - 2024-01-03 20:07:15 --> Session: Class initialized using 'CodeIgniter\Session\Handlers\FileHandler' driver.
INFO - 2024-01-03 20:07:46 --> Session: Class initialized using 'CodeIgniter\Session\Handlers\FileHandler' driver.
INFO - 2024-01-03 20:08:04 --> Session: Class initialized using 'CodeIgniter\Session\Handlers\FileHandler' driver.
INFO - 2024-01-03 20:08:07 --> Session: Class initialized using 'CodeIgniter\Session\Handlers\FileHandler' driver.
INFO - 2024-01-03 20:12:54 --> Session: Class initialized using 'CodeIgniter\Session\Handlers\FileHandler' driver.
INFO - 2024-01-03 20:13:10 --> Session: Class initialized using 'CodeIgniter\Session\Handlers\FileHandler' driver.
INFO - 2024-01-03 20:13:14 --> Session: Class initialized using 'CodeIgniter\Session\Handlers\FileHandler' driver.
INFO - 2024-01-03 20:16:14 --> Session: Class initialized using 'CodeIgniter\Session\Handlers\FileHandler' driver.
INFO - 2024-01-03 20:17:39 --> Session: Class initialized using 'CodeIgniter\Session\Handlers\FileHandler' driver.
INFO - 2024-01-03 20:18:04 --> Session: Class initialized using 'CodeIgniter\Session\Handlers\FileHandler' driver.
INFO - 2024-01-03 20:18:48 --> Session: Class initialized using 'CodeIgniter\Session\Handlers\FileHandler' driver.
INFO - 2024-01-03 20:18:54 --> Session: Class initialized using 'CodeIgniter\Session\Handlers\FileHandler' driver.
INFO - 2024-01-03 20:18:58 --> Session: Class initialized using 'CodeIgniter\Session\Handlers\FileHandler' driver.
INFO - 2024-01-03 20:19:42 --> Session: Class initialized using 'CodeIgniter\Session\Handlers\FileHandler' driver.
INFO - 2024-01-03 20:19:52 --> Session: Class initialized using 'CodeIgniter\Session\Handlers\FileHandler' driver.
INFO - 2024-01-03 20:26:15 --> Session: Class initialized using 'CodeIgniter\Session\Handlers\FileHandler' driver.
INFO - 2024-01-03 20:27:02 --> Session: Class initialized using 'CodeIgniter\Session\Handlers\FileHandler' driver.
CRITICAL - 2024-01-03 20:28:07 --> Undefined array key "is_whats_available"
in APPPATH\Controllers\Dashboard\Users.php on line 49.
 1 APPPATH\Controllers\Dashboard\Users.php(49): CodeIgniter\Debug\Exceptions->errorHandler(2, 'Undefined array key "is_whats_available"', 'C:\\xampp\\htdocs\\github\\Home-run-application\\app\\Controllers\\Dashboard\\Users.php', 49)
 2 SYSTEMPATH\CodeIgniter.php(934): App\Controllers\Dashboard\Users->update('1')
 3 SYSTEMPATH\CodeIgniter.php(499): CodeIgniter\CodeIgniter->runController(Object(App\Controllers\Dashboard\Users))
 4 SYSTEMPATH\CodeIgniter.php(368): CodeIgniter\CodeIgniter->handleRequest(null, Object(Config\Cache), false)
 5 FCPATH\index.php(67): CodeIgniter\CodeIgniter->run()
CRITICAL - 2024-01-03 20:29:13 --> Undefined array key "is_whats_available"
in APPPATH\Controllers\Dashboard\Users.php on line 49.
 1 APPPATH\Controllers\Dashboard\Users.php(49): CodeIgniter\Debug\Exceptions->errorHandler(2, 'Undefined array key "is_whats_available"', 'C:\\xampp\\htdocs\\github\\Home-run-application\\app\\Controllers\\Dashboard\\Users.php', 49)
 2 SYSTEMPATH\CodeIgniter.php(934): App\Controllers\Dashboard\Users->update('1')
 3 SYSTEMPATH\CodeIgniter.php(499): CodeIgniter\CodeIgniter->runController(Object(App\Controllers\Dashboard\Users))
 4 SYSTEMPATH\CodeIgniter.php(368): CodeIgniter\CodeIgniter->handleRequest(null, Object(Config\Cache), false)
 5 FCPATH\index.php(67): CodeIgniter\CodeIgniter->run()
INFO - 2024-01-03 20:29:59 --> Session: Class initialized using 'CodeIgniter\Session\Handlers\FileHandler' driver.
INFO - 2024-01-03 20:30:13 --> Session: Class initialized using 'CodeIgniter\Session\Handlers\FileHandler' driver.
INFO - 2024-01-03 20:31:36 --> Session: Class initialized using 'CodeIgniter\Session\Handlers\FileHandler' driver.
INFO - 2024-01-03 20:31:56 --> Session: Class initialized using 'CodeIgniter\Session\Handlers\FileHandler' driver.
INFO - 2024-01-03 20:32:10 --> Session: Class initialized using 'CodeIgniter\Session\Handlers\FileHandler' driver.
INFO - 2024-01-03 20:32:42 --> Session: Class initialized using 'CodeIgniter\Session\Handlers\FileHandler' driver.
INFO - 2024-01-03 20:32:46 --> Session: Class initialized using 'CodeIgniter\Session\Handlers\FileHandler' driver.
INFO - 2024-01-03 20:32:48 --> Session: Class initialized using 'CodeIgniter\Session\Handlers\FileHandler' driver.
INFO - 2024-01-03 20:32:49 --> Session: Class initialized using 'CodeIgniter\Session\Handlers\FileHandler' driver.
INFO - 2024-01-03 20:32:53 --> Session: Class initialized using 'CodeIgniter\Session\Handlers\FileHandler' driver.
INFO - 2024-01-03 20:33:14 --> Session: Class initialized using 'CodeIgniter\Session\Handlers\FileHandler' driver.
INFO - 2024-01-03 20:33:17 --> Session: Class initialized using 'CodeIgniter\Session\Handlers\FileHandler' driver.
INFO - 2024-01-03 20:33:22 --> Session: Class initialized using 'CodeIgniter\Session\Handlers\FileHandler' driver.
INFO - 2024-01-03 20:33:26 --> Session: Class initialized using 'CodeIgniter\Session\Handlers\FileHandler' driver.
INFO - 2024-01-03 20:33:29 --> Session: Class initialized using 'CodeIgniter\Session\Handlers\FileHandler' driver.
INFO - 2024-01-03 20:36:55 --> Session: Class initialized using 'CodeIgniter\Session\Handlers\FileHandler' driver.
INFO - 2024-01-03 20:37:13 --> Session: Class initialized using 'CodeIgniter\Session\Handlers\FileHandler' driver.
INFO - 2024-01-03 20:37:29 --> Session: Class initialized using 'CodeIgniter\Session\Handlers\FileHandler' driver.
INFO - 2024-01-03 20:39:24 --> Session: Class initialized using 'CodeIgniter\Session\Handlers\FileHandler' driver.
INFO - 2024-01-03 20:39:43 --> Session: Class initialized using 'CodeIgniter\Session\Handlers\FileHandler' driver.
INFO - 2024-01-03 20:39:47 --> Session: Class initialized using 'CodeIgniter\Session\Handlers\FileHandler' driver.
INFO - 2024-01-03 20:39:54 --> Session: Class initialized using 'CodeIgniter\Session\Handlers\FileHandler' driver.
INFO - 2024-01-03 20:39:57 --> Session: Class initialized using 'CodeIgniter\Session\Handlers\FileHandler' driver.
INFO - 2024-01-03 20:41:40 --> Session: Class initialized using 'CodeIgniter\Session\Handlers\FileHandler' driver.
